2020-10-08T13:19:42.565153Z 0 [Warning] TIMESTAMP with implicit DEFAULT value is deprecated. Please use --explicit_defaults_for_timestamp server option (see documentation for more details).
2020-10-08T13:19:42.578710Z 0 [Note] mysqld (mysqld 5.7.30) starting as process 1 ...
2020-10-08T13:19:42.591473Z 0 [Warning] Setting lower_case_table_names=2 because file system for /var/lib/mysql/ is case insensitive
2020-10-08T13:19:42.602660Z 0 [Note] InnoDB: PUNCH HOLE support available
2020-10-08T13:19:42.605190Z 0 [Note] InnoDB: Mutexes and rw_locks use GCC atomic builtins
2020-10-08T13:19:42.606742Z 0 [Note] InnoDB: Uses event mutexes
2020-10-08T13:19:42.607772Z 0 [Note] InnoDB: GCC builtin __atomic_thread_fence() is used for memory barrier
2020-10-08T13:19:42.608786Z 0 [Note] InnoDB: Compressed tables use zlib 1.2.11
2020-10-08T13:19:42.609802Z 0 [Note] InnoDB: Using Linux native AIO
2020-10-08T13:19:42.610921Z 0 [Note] InnoDB: Number of pools: 1
2020-10-08T13:19:42.612639Z 0 [Note] InnoDB: Using CPU crc32 instructions
2020-10-08T13:19:42.616489Z 0 [Note] InnoDB: Initializing buffer pool, total size = 128M, instances = 1, chunk size = 128M
2020-10-08T13:19:42.629572Z 0 [Note] InnoDB: Completed initialization of buffer pool
2020-10-08T13:19:42.635006Z 0 [Note] InnoDB: If the mysqld execution user is authorized, page cleaner thread priority can be changed. See the man page of setpriority().
2020-10-08T13:19:42.700154Z 0 [Note] InnoDB: Highest supported file format is Barracuda.
2020-10-08T13:19:42.834420Z 0 [Note] InnoDB: Creating shared tablespace for temporary tables
2020-10-08T13:19:42.839224Z 0 [Note] InnoDB: Setting file './ibtmp1' size to 12 MB. Physically writing the file full; Please wait ...
2020-10-08T13:19:42.997171Z 0 [Note] InnoDB: File './ibtmp1' size is now 12 MB.
2020-10-08T13:19:43.004111Z 0 [Note] InnoDB: 96 redo rollback segment(s) found. 96 redo rollback segment(s) are active.
2020-10-08T13:19:43.006454Z 0 [Note] InnoDB: 32 non-redo rollback segment(s) are active.
2020-10-08T13:19:43.009117Z 0 [Note] InnoDB: Waiting for purge to start
2020-10-08T13:19:43.060988Z 0 [Note] InnoDB: 5.7.30 started; log sequence number 12488676
2020-10-08T13:19:43.062080Z 0 [Note] InnoDB: Loading buffer pool(s) from /var/lib/mysql/ib_buffer_pool
2020-10-08T13:19:43.062435Z 0 [Note] Plugin 'FEDERATED' is disabled.
2020-10-08T13:19:43.114062Z 0 [Note] Found ca.pem, server-cert.pem and server-key.pem in data directory. Trying to enable SSL support using them.
2020-10-08T13:19:43.115016Z 0 [Note] Skipping generation of SSL certificates as certificate files are present in data directory.
2020-10-08T13:19:43.131047Z 0 [Warning] CA certificate ca.pem is self signed.
2020-10-08T13:19:43.136936Z 0 [Note] Skipping generation of RSA key pair as key files are present in data directory.
2020-10-08T13:19:43.147168Z 0 [Note] Server hostname (bind-address): '127.0.0.1'; port: 3306
2020-10-08T13:19:43.149232Z 0 [Note]   - '127.0.0.1' resolves to '127.0.0.1';
2020-10-08T13:19:43.150158Z 0 [Note] InnoDB: Buffer pool(s) load completed at 201008 22:19:43
2020-10-08T13:19:43.150667Z 0 [Note] Server socket created on IP: '127.0.0.1'.
2020-10-08T13:19:43.155904Z 0 [Warning] Insecure configuration for --pid-file: Location '/var/run/mysqld' in the path is accessible to all OS users. Consider choosing a different directory.
2020-10-08T13:19:43.579129Z 0 [Note] Event Scheduler: Loaded 0 events
2020-10-08T13:19:43.581294Z 0 [Note] mysqld: ready for connections.
Version: '5.7.30'  socket: '/var/run/mysqld/mysqld.sock'  port: 3306  MySQL Community Server (GPL)
2020-10-08T13:26:51.409169Z 0 [Note] Giving 0 client threads a chance to die gracefully
2020-10-08T13:26:51.410315Z 0 [Note] Shutting down slave threads
2020-10-08T13:26:51.410949Z 0 [Note] Forcefully disconnecting 0 remaining clients
2020-10-08T13:26:51.412221Z 0 [Note] Event Scheduler: Purging the queue. 0 events
2020-10-08T13:26:51.412924Z 0 [Note] Binlog end
2020-10-08T13:26:51.414221Z 0 [Note] Shutting down plugin 'ngram'
2020-10-08T13:26:51.419009Z 0 [Note] Shutting down plugin 'partition'
2020-10-08T13:26:51.420021Z 0 [Note] Shutting down plugin 'BLACKHOLE'
2020-10-08T13:26:51.420659Z 0 [Note] Shutting down plugin 'ARCHIVE'
2020-10-08T13:26:51.421366Z 0 [Note] Shutting down plugin 'PERFORMANCE_SCHEMA'
2020-10-08T13:26:51.422204Z 0 [Note] Shutting down plugin 'MRG_MYISAM'
2020-10-08T13:26:51.422946Z 0 [Note] Shutting down plugin 'MyISAM'
2020-10-08T13:26:51.423699Z 0 [Note] Shutting down plugin 'INNODB_SYS_VIRTUAL'
2020-10-08T13:26:51.424301Z 0 [Note] Shutting down plugin 'INNODB_SYS_DATAFILES'
2020-10-08T13:26:51.424848Z 0 [Note] Shutting down plugin 'INNODB_SYS_TABLESPACES'
2020-10-08T13:26:51.425553Z 0 [Note] Shutting down plugin 'INNODB_SYS_FOREIGN_COLS'
2020-10-08T13:26:51.426086Z 0 [Note] Shutting down plugin 'INNODB_SYS_FOREIGN'
2020-10-08T13:26:51.426684Z 0 [Note] Shutting down plugin 'INNODB_SYS_FIELDS'
2020-10-08T13:26:51.427165Z 0 [Note] Shutting down plugin 'INNODB_SYS_COLUMNS'
2020-10-08T13:26:51.427841Z 0 [Note] Shutting down plugin 'INNODB_SYS_INDEXES'
2020-10-08T13:26:51.428428Z 0 [Note] Shutting down plugin 'INNODB_SYS_TABLESTATS'
2020-10-08T13:26:51.429007Z 0 [Note] Shutting down plugin 'INNODB_SYS_TABLES'
2020-10-08T13:26:51.429764Z 0 [Note] Shutting down plugin 'INNODB_FT_INDEX_TABLE'
2020-10-08T13:26:51.430295Z 0 [Note] Shutting down plugin 'INNODB_FT_INDEX_CACHE'
2020-10-08T13:26:51.430993Z 0 [Note] Shutting down plugin 'INNODB_FT_CONFIG'
2020-10-08T13:26:51.431792Z 0 [Note] Shutting down plugin 'INNODB_FT_BEING_DELETED'
2020-10-08T13:26:51.432564Z 0 [Note] Shutting down plugin 'INNODB_FT_DELETED'
2020-10-08T13:26:51.433004Z 0 [Note] Shutting down plugin 'INNODB_FT_DEFAULT_STOPWORD'
2020-10-08T13:26:51.433739Z 0 [Note] Shutting down plugin 'INNODB_METRICS'
2020-10-08T13:26:51.434226Z 0 [Note] Shutting down plugin 'INNODB_TEMP_TABLE_INFO'
2020-10-08T13:26:51.434964Z 0 [Note] Shutting down plugin 'INNODB_BUFFER_POOL_STATS'
2020-10-08T13:26:51.435688Z 0 [Note] Shutting down plugin 'INNODB_BUFFER_PAGE_LRU'
2020-10-08T13:26:51.436250Z 0 [Note] Shutting down plugin 'INNODB_BUFFER_PAGE'
2020-10-08T13:26:51.436847Z 0 [Note] Shutting down plugin 'INNODB_CMP_PER_INDEX_RESET'
2020-10-08T13:26:51.437363Z 0 [Note] Shutting down plugin 'INNODB_CMP_PER_INDEX'
2020-10-08T13:26:51.437998Z 0 [Note] Shutting down plugin 'INNODB_CMPMEM_RESET'
2020-10-08T13:26:51.439026Z 0 [Note] Shutting down plugin 'INNODB_CMPMEM'
2020-10-08T13:26:51.439680Z 0 [Note] Shutting down plugin 'INNODB_CMP_RESET'
2020-10-08T13:26:51.440569Z 0 [Note] Shutting down plugin 'INNODB_CMP'
2020-10-08T13:26:51.441828Z 0 [Note] Shutting down plugin 'INNODB_LOCK_WAITS'
2020-10-08T13:26:51.442882Z 0 [Note] Shutting down plugin 'INNODB_LOCKS'
2020-10-08T13:26:51.443557Z 0 [Note] Shutting down plugin 'INNODB_TRX'
2020-10-08T13:26:51.444187Z 0 [Note] Shutting down plugin 'InnoDB'
2020-10-08T13:26:51.445197Z 0 [Note] InnoDB: FTS optimize thread exiting.
2020-10-08T13:26:51.446231Z 0 [Note] InnoDB: Starting shutdown...
2020-10-08T13:26:51.550810Z 0 [Note] InnoDB: Dumping buffer pool(s) to /var/lib/mysql/ib_buffer_pool
2020-10-08T13:26:51.558847Z 0 [Note] InnoDB: Buffer pool(s) dump completed at 201008 22:26:51
2020-10-08T13:26:52.886299Z 0 [Note] InnoDB: Shutdown completed; log sequence number 12488729
2020-10-08T13:26:52.890869Z 0 [Note] InnoDB: Removed temporary tablespace data file: "ibtmp1"
2020-10-08T13:26:52.892905Z 0 [Note] Shutting down plugin 'MEMORY'
2020-10-08T13:26:52.894466Z 0 [Note] Shutting down plugin 'CSV'
2020-10-08T13:26:52.895577Z 0 [Note] Shutting down plugin 'sha256_password'
2020-10-08T13:26:52.897107Z 0 [Note] Shutting down plugin 'mysql_native_password'
2020-10-08T13:26:52.898412Z 0 [Note] Shutting down plugin 'binlog'
2020-10-08T13:26:52.903307Z 0 [Note] mysqld: Shutdown complete

2020-10-08T13:27:03.403741Z 0 [Warning] TIMESTAMP with implicit DEFAULT value is deprecated. Please use --explicit_defaults_for_timestamp server option (see documentation for more details).
2020-10-08T13:27:03.409740Z 0 [Note] mysqld (mysqld 5.7.30) starting as process 1 ...
2020-10-08T13:27:03.419462Z 0 [Warning] Setting lower_case_table_names=2 because file system for /var/lib/mysql/ is case insensitive
2020-10-08T13:27:03.424992Z 0 [Note] InnoDB: PUNCH HOLE support available
2020-10-08T13:27:03.425546Z 0 [Note] InnoDB: Mutexes and rw_locks use GCC atomic builtins
2020-10-08T13:27:03.426118Z 0 [Note] InnoDB: Uses event mutexes
2020-10-08T13:27:03.426835Z 0 [Note] InnoDB: GCC builtin __atomic_thread_fence() is used for memory barrier
2020-10-08T13:27:03.427446Z 0 [Note] InnoDB: Compressed tables use zlib 1.2.11
2020-10-08T13:27:03.428185Z 0 [Note] InnoDB: Using Linux native AIO
2020-10-08T13:27:03.429068Z 0 [Note] InnoDB: Number of pools: 1
2020-10-08T13:27:03.430093Z 0 [Note] InnoDB: Using CPU crc32 instructions
2020-10-08T13:27:03.434543Z 0 [Note] InnoDB: Initializing buffer pool, total size = 128M, instances = 1, chunk size = 128M
2020-10-08T13:27:03.441470Z 0 [Note] InnoDB: Completed initialization of buffer pool
2020-10-08T13:27:03.444733Z 0 [Note] InnoDB: If the mysqld execution user is authorized, page cleaner thread priority can be changed. See the man page of setpriority().
2020-10-08T13:27:03.494023Z 0 [Note] InnoDB: Highest supported file format is Barracuda.
2020-10-08T13:27:03.621795Z 0 [Note] InnoDB: Creating shared tablespace for temporary tables
2020-10-08T13:27:03.628859Z 0 [Note] InnoDB: Setting file './ibtmp1' size to 12 MB. Physically writing the file full; Please wait ...
2020-10-08T13:27:03.765011Z 0 [Note] InnoDB: File './ibtmp1' size is now 12 MB.
2020-10-08T13:27:03.778560Z 0 [Note] InnoDB: 96 redo rollback segment(s) found. 96 redo rollback segment(s) are active.
2020-10-08T13:27:03.779474Z 0 [Note] InnoDB: 32 non-redo rollback segment(s) are active.
2020-10-08T13:27:03.780943Z 0 [Note] InnoDB: Waiting for purge to start
2020-10-08T13:27:03.834729Z 0 [Note] InnoDB: 5.7.30 started; log sequence number 12488729
2020-10-08T13:27:03.836253Z 0 [Note] InnoDB: Loading buffer pool(s) from /var/lib/mysql/ib_buffer_pool
2020-10-08T13:27:03.836414Z 0 [Note] Plugin 'FEDERATED' is disabled.
2020-10-08T13:27:03.887534Z 0 [Note] Found ca.pem, server-cert.pem and server-key.pem in data directory. Trying to enable SSL support using them.
2020-10-08T13:27:03.888665Z 0 [Note] Skipping generation of SSL certificates as certificate files are present in data directory.
2020-10-08T13:27:03.908127Z 0 [Warning] CA certificate ca.pem is self signed.
2020-10-08T13:27:03.909224Z 0 [Note] Skipping generation of RSA key pair as key files are present in data directory.
2020-10-08T13:27:03.919295Z 0 [Note] Server hostname (bind-address): '127.0.0.1'; port: 3306
2020-10-08T13:27:03.921088Z 0 [Note]   - '127.0.0.1' resolves to '127.0.0.1';
2020-10-08T13:27:03.921754Z 0 [Note] Server socket created on IP: '127.0.0.1'.
2020-10-08T13:27:03.925869Z 0 [Note] InnoDB: Buffer pool(s) load completed at 201008 22:27:03
2020-10-08T13:27:03.925887Z 0 [Warning] Insecure configuration for --pid-file: Location '/var/run/mysqld' in the path is accessible to all OS users. Consider choosing a different directory.
2020-10-08T13:27:04.333419Z 0 [Note] Event Scheduler: Loaded 0 events
2020-10-08T13:27:04.334706Z 0 [Note] mysqld: ready for connections.
Version: '5.7.30'  socket: '/var/run/mysqld/mysqld.sock'  port: 3306  MySQL Community Server (GPL)
2020-10-08T13:32:20.323953Z 0 [Note] Giving 0 client threads a chance to die gracefully
2020-10-08T13:32:20.327225Z 0 [Note] Shutting down slave threads
2020-10-08T13:32:20.328384Z 0 [Note] Forcefully disconnecting 0 remaining clients
2020-10-08T13:32:20.331844Z 0 [Note] Event Scheduler: Purging the queue. 0 events
2020-10-08T13:32:20.333230Z 0 [Note] Binlog end
2020-10-08T13:32:20.336358Z 0 [Note] Shutting down plugin 'ngram'
2020-10-08T13:32:20.346345Z 0 [Note] Shutting down plugin 'partition'
2020-10-08T13:32:20.347482Z 0 [Note] Shutting down plugin 'BLACKHOLE'
2020-10-08T13:32:20.348622Z 0 [Note] Shutting down plugin 'ARCHIVE'
2020-10-08T13:32:20.355522Z 0 [Note] Shutting down plugin 'PERFORMANCE_SCHEMA'
2020-10-08T13:32:20.358753Z 0 [Note] Shutting down plugin 'MRG_MYISAM'
2020-10-08T13:32:20.369131Z 0 [Note] Shutting down plugin 'MyISAM'
2020-10-08T13:32:20.371532Z 0 [Note] Shutting down plugin 'INNODB_SYS_VIRTUAL'
2020-10-08T13:32:20.375032Z 0 [Note] Shutting down plugin 'INNODB_SYS_DATAFILES'
2020-10-08T13:32:20.377785Z 0 [Note] Shutting down plugin 'INNODB_SYS_TABLESPACES'
2020-10-08T13:32:20.379414Z 0 [Note] Shutting down plugin 'INNODB_SYS_FOREIGN_COLS'
2020-10-08T13:32:20.380715Z 0 [Note] Shutting down plugin 'INNODB_SYS_FOREIGN'
2020-10-08T13:32:20.381879Z 0 [Note] Shutting down plugin 'INNODB_SYS_FIELDS'
2020-10-08T13:32:20.384098Z 0 [Note] Shutting down plugin 'INNODB_SYS_COLUMNS'
2020-10-08T13:32:20.385626Z 0 [Note] Shutting down plugin 'INNODB_SYS_INDEXES'
2020-10-08T13:32:20.397440Z 0 [Note] Shutting down plugin 'INNODB_SYS_TABLESTATS'
2020-10-08T13:32:20.401366Z 0 [Note] Shutting down plugin 'INNODB_SYS_TABLES'
2020-10-08T13:32:20.406493Z 0 [Note] Shutting down plugin 'INNODB_FT_INDEX_TABLE'
2020-10-08T13:32:20.410546Z 0 [Note] Shutting down plugin 'INNODB_FT_INDEX_CACHE'
2020-10-08T13:32:20.413096Z 0 [Note] Shutting down plugin 'INNODB_FT_CONFIG'
2020-10-08T13:32:20.414280Z 0 [Note] Shutting down plugin 'INNODB_FT_BEING_DELETED'
2020-10-08T13:32:20.415485Z 0 [Note] Shutting down plugin 'INNODB_FT_DELETED'
2020-10-08T13:32:20.416366Z 0 [Note] Shutting down plugin 'INNODB_FT_DEFAULT_STOPWORD'
2020-10-08T13:32:20.417508Z 0 [Note] Shutting down plugin 'INNODB_METRICS'
2020-10-08T13:32:20.419049Z 0 [Note] Shutting down plugin 'INNODB_TEMP_TABLE_INFO'
2020-10-08T13:32:20.419972Z 0 [Note] Shutting down plugin 'INNODB_BUFFER_POOL_STATS'
2020-10-08T13:32:20.421228Z 0 [Note] Shutting down plugin 'INNODB_BUFFER_PAGE_LRU'
2020-10-08T13:32:20.422081Z 0 [Note] Shutting down plugin 'INNODB_BUFFER_PAGE'
2020-10-08T13:32:20.423187Z 0 [Note] Shutting down plugin 'INNODB_CMP_PER_INDEX_RESET'
2020-10-08T13:32:20.424203Z 0 [Note] Shutting down plugin 'INNODB_CMP_PER_INDEX'
2020-10-08T13:32:20.425335Z 0 [Note] Shutting down plugin 'INNODB_CMPMEM_RESET'
2020-10-08T13:32:20.426278Z 0 [Note] Shutting down plugin 'INNODB_CMPMEM'
2020-10-08T13:32:20.427207Z 0 [Note] Shutting down plugin 'INNODB_CMP_RESET'
2020-10-08T13:32:20.428219Z 0 [Note] Shutting down plugin 'INNODB_CMP'
2020-10-08T13:32:20.428999Z 0 [Note] Shutting down plugin 'INNODB_LOCK_WAITS'
2020-10-08T13:32:20.429795Z 0 [Note] Shutting down plugin 'INNODB_LOCKS'
2020-10-08T13:32:20.430734Z 0 [Note] Shutting down plugin 'INNODB_TRX'
2020-10-08T13:32:20.431640Z 0 [Note] Shutting down plugin 'InnoDB'
2020-10-08T13:32:20.434892Z 0 [Note] InnoDB: FTS optimize thread exiting.
2020-10-08T13:32:20.436084Z 0 [Note] InnoDB: Starting shutdown...
2020-10-08T13:32:20.538902Z 0 [Note] InnoDB: Dumping buffer pool(s) to /var/lib/mysql/ib_buffer_pool
2020-10-08T13:32:20.545528Z 0 [Note] InnoDB: Buffer pool(s) dump completed at 201008 22:32:20
2020-10-08T13:32:21.755647Z 0 [Note] InnoDB: Shutdown completed; log sequence number 12488757
2020-10-08T13:32:21.760824Z 0 [Note] InnoDB: Removed temporary tablespace data file: "ibtmp1"
2020-10-08T13:32:21.761941Z 0 [Note] Shutting down plugin 'MEMORY'
2020-10-08T13:32:21.763226Z 0 [Note] Shutting down plugin 'CSV'
2020-10-08T13:32:21.763842Z 0 [Note] Shutting down plugin 'sha256_password'
2020-10-08T13:32:21.764659Z 0 [Note] Shutting down plugin 'mysql_native_password'
2020-10-08T13:32:21.765657Z 0 [Note] Shutting down plugin 'binlog'
2020-10-08T13:32:21.770636Z 0 [Note] mysqld: Shutdown complete

2020-10-08T13:32:55.891814Z 0 [Warning] TIMESTAMP with implicit DEFAULT value is deprecated. Please use --explicit_defaults_for_timestamp server option (see documentation for more details).
2020-10-08T13:32:55.898272Z 0 [Note] mysqld (mysqld 5.7.30) starting as process 1 ...
2020-10-08T13:32:55.905896Z 0 [Warning] Setting lower_case_table_names=2 because file system for /var/lib/mysql/ is case insensitive
2020-10-08T13:32:55.910836Z 0 [Note] InnoDB: PUNCH HOLE support available
2020-10-08T13:32:55.911474Z 0 [Note] InnoDB: Mutexes and rw_locks use GCC atomic builtins
2020-10-08T13:32:55.912317Z 0 [Note] InnoDB: Uses event mutexes
2020-10-08T13:32:55.913072Z 0 [Note] InnoDB: GCC builtin __atomic_thread_fence() is used for memory barrier
2020-10-08T13:32:55.913816Z 0 [Note] InnoDB: Compressed tables use zlib 1.2.11
2020-10-08T13:32:55.914441Z 0 [Note] InnoDB: Using Linux native AIO
2020-10-08T13:32:55.915210Z 0 [Note] InnoDB: Number of pools: 1
2020-10-08T13:32:55.915940Z 0 [Note] InnoDB: Using CPU crc32 instructions
2020-10-08T13:32:55.918146Z 0 [Note] InnoDB: Initializing buffer pool, total size = 128M, instances = 1, chunk size = 128M
2020-10-08T13:32:55.927091Z 0 [Note] InnoDB: Completed initialization of buffer pool
2020-10-08T13:32:55.929872Z 0 [Note] InnoDB: If the mysqld execution user is authorized, page cleaner thread priority can be changed. See the man page of setpriority().
2020-10-08T13:32:55.973326Z 0 [Note] InnoDB: Highest supported file format is Barracuda.
2020-10-08T13:32:56.053472Z 0 [Note] InnoDB: Creating shared tablespace for temporary tables
2020-10-08T13:32:56.058335Z 0 [Note] InnoDB: Setting file './ibtmp1' size to 12 MB. Physically writing the file full; Please wait ...
2020-10-08T13:32:56.189727Z 0 [Note] InnoDB: File './ibtmp1' size is now 12 MB.
2020-10-08T13:32:56.197080Z 0 [Note] InnoDB: 96 redo rollback segment(s) found. 96 redo rollback segment(s) are active.
2020-10-08T13:32:56.198061Z 0 [Note] InnoDB: 32 non-redo rollback segment(s) are active.
2020-10-08T13:32:56.200364Z 0 [Note] InnoDB: 5.7.30 started; log sequence number 12488757
2020-10-08T13:32:56.202223Z 0 [Note] Plugin 'FEDERATED' is disabled.
2020-10-08T13:32:56.202618Z 0 [Note] InnoDB: Loading buffer pool(s) from /var/lib/mysql/ib_buffer_pool
2020-10-08T13:32:56.262315Z 0 [Note] Found ca.pem, server-cert.pem and server-key.pem in data directory. Trying to enable SSL support using them.
2020-10-08T13:32:56.263311Z 0 [Note] Skipping generation of SSL certificates as certificate files are present in data directory.
2020-10-08T13:32:56.291003Z 0 [Warning] CA certificate ca.pem is self signed.
2020-10-08T13:32:56.294269Z 0 [Note] Skipping generation of RSA key pair as key files are present in data directory.
2020-10-08T13:32:56.303383Z 0 [Note] Server hostname (bind-address): '127.0.0.1'; port: 3306
2020-10-08T13:32:56.305598Z 0 [Note]   - '127.0.0.1' resolves to '127.0.0.1';
2020-10-08T13:32:56.306433Z 0 [Note] Server socket created on IP: '127.0.0.1'.
2020-10-08T13:32:56.310008Z 0 [Warning] Insecure configuration for --pid-file: Location '/var/run/mysqld' in the path is accessible to all OS users. Consider choosing a different directory.
2020-10-08T13:32:56.314680Z 0 [Note] InnoDB: Buffer pool(s) load completed at 201008 22:32:56
2020-10-08T13:32:56.724350Z 0 [Note] Event Scheduler: Loaded 0 events
2020-10-08T13:32:56.726218Z 0 [Note] mysqld: ready for connections.
Version: '5.7.30'  socket: '/var/run/mysqld/mysqld.sock'  port: 3306  MySQL Community Server (GPL)
2020-10-08T13:33:46.792566Z 2 [Note] Access denied for user 'root'@'localhost' (using password: NO)
2020-10-08T13:33:58.285277Z 3 [Note] Access denied for user 'root'@'127.0.0.1' (using password: NO)
2020-10-08T13:34:06.345963Z 4 [Note] Unknown database 'root'
2020-10-08T13:39:39.195955Z 0 [Note] Giving 0 client threads a chance to die gracefully
2020-10-08T13:39:39.197559Z 0 [Note] Shutting down slave threads
2020-10-08T13:39:39.198857Z 0 [Note] Forcefully disconnecting 0 remaining clients
2020-10-08T13:39:39.199819Z 0 [Note] Event Scheduler: Purging the queue. 0 events
2020-10-08T13:39:39.201924Z 0 [Note] Binlog end
2020-10-08T13:39:39.204812Z 0 [Note] Shutting down plugin 'ngram'
2020-10-08T13:39:39.208067Z 0 [Note] Shutting down plugin 'partition'
2020-10-08T13:39:39.212837Z 0 [Note] Shutting down plugin 'BLACKHOLE'
2020-10-08T13:39:39.214874Z 0 [Note] Shutting down plugin 'ARCHIVE'
2020-10-08T13:39:39.217225Z 0 [Note] Shutting down plugin 'PERFORMANCE_SCHEMA'
2020-10-08T13:39:39.218617Z 0 [Note] Shutting down plugin 'MRG_MYISAM'
2020-10-08T13:39:39.220019Z 0 [Note] Shutting down plugin 'MyISAM'
2020-10-08T13:39:39.221550Z 0 [Note] Shutting down plugin 'INNODB_SYS_VIRTUAL'
2020-10-08T13:39:39.222850Z 0 [Note] Shutting down plugin 'INNODB_SYS_DATAFILES'
2020-10-08T13:39:39.224003Z 0 [Note] Shutting down plugin 'INNODB_SYS_TABLESPACES'
2020-10-08T13:39:39.225430Z 0 [Note] Shutting down plugin 'INNODB_SYS_FOREIGN_COLS'
2020-10-08T13:39:39.226397Z 0 [Note] Shutting down plugin 'INNODB_SYS_FOREIGN'
2020-10-08T13:39:39.227150Z 0 [Note] Shutting down plugin 'INNODB_SYS_FIELDS'
2020-10-08T13:39:39.228013Z 0 [Note] Shutting down plugin 'INNODB_SYS_COLUMNS'
2020-10-08T13:39:39.228906Z 0 [Note] Shutting down plugin 'INNODB_SYS_INDEXES'
2020-10-08T13:39:39.229902Z 0 [Note] Shutting down plugin 'INNODB_SYS_TABLESTATS'
2020-10-08T13:39:39.230686Z 0 [Note] Shutting down plugin 'INNODB_SYS_TABLES'
2020-10-08T13:39:39.231375Z 0 [Note] Shutting down plugin 'INNODB_FT_INDEX_TABLE'
2020-10-08T13:39:39.232402Z 0 [Note] Shutting down plugin 'INNODB_FT_INDEX_CACHE'
2020-10-08T13:39:39.233371Z 0 [Note] Shutting down plugin 'INNODB_FT_CONFIG'
2020-10-08T13:39:39.234471Z 0 [Note] Shutting down plugin 'INNODB_FT_BEING_DELETED'
2020-10-08T13:39:39.236195Z 0 [Note] Shutting down plugin 'INNODB_FT_DELETED'
2020-10-08T13:39:39.237351Z 0 [Note] Shutting down plugin 'INNODB_FT_DEFAULT_STOPWORD'
2020-10-08T13:39:39.239458Z 0 [Note] Shutting down plugin 'INNODB_METRICS'
2020-10-08T13:39:39.242196Z 0 [Note] Shutting down plugin 'INNODB_TEMP_TABLE_INFO'
2020-10-08T13:39:39.243374Z 0 [Note] Shutting down plugin 'INNODB_BUFFER_POOL_STATS'
2020-10-08T13:39:39.245013Z 0 [Note] Shutting down plugin 'INNODB_BUFFER_PAGE_LRU'
2020-10-08T13:39:39.245512Z 0 [Note] Shutting down plugin 'INNODB_BUFFER_PAGE'
2020-10-08T13:39:39.246099Z 0 [Note] Shutting down plugin 'INNODB_CMP_PER_INDEX_RESET'
2020-10-08T13:39:39.247226Z 0 [Note] Shutting down plugin 'INNODB_CMP_PER_INDEX'
2020-10-08T13:39:39.248037Z 0 [Note] Shutting down plugin 'INNODB_CMPMEM_RESET'
2020-10-08T13:39:39.248563Z 0 [Note] Shutting down plugin 'INNODB_CMPMEM'
2020-10-08T13:39:39.249301Z 0 [Note] Shutting down plugin 'INNODB_CMP_RESET'
2020-10-08T13:39:39.250248Z 0 [Note] Shutting down plugin 'INNODB_CMP'
2020-10-08T13:39:39.250902Z 0 [Note] Shutting down plugin 'INNODB_LOCK_WAITS'
2020-10-08T13:39:39.251927Z 0 [Note] Shutting down plugin 'INNODB_LOCKS'
2020-10-08T13:39:39.253012Z 0 [Note] Shutting down plugin 'INNODB_TRX'
2020-10-08T13:39:39.255148Z 0 [Note] Shutting down plugin 'InnoDB'
2020-10-08T13:39:39.256494Z 0 [Note] InnoDB: FTS optimize thread exiting.
2020-10-08T13:39:39.257435Z 0 [Note] InnoDB: Starting shutdown...
2020-10-08T13:39:39.362541Z 0 [Note] InnoDB: Dumping buffer pool(s) to /var/lib/mysql/ib_buffer_pool
2020-10-08T13:39:39.377914Z 0 [Note] InnoDB: Buffer pool(s) dump completed at 201008 22:39:39
2020-10-08T13:39:40.564222Z 0 [Note] InnoDB: Shutdown completed; log sequence number 12488785
2020-10-08T13:39:40.566579Z 0 [Note] InnoDB: Removed temporary tablespace data file: "ibtmp1"
2020-10-08T13:39:40.567537Z 0 [Note] Shutting down plugin 'MEMORY'
2020-10-08T13:39:40.568405Z 0 [Note] Shutting down plugin 'CSV'
2020-10-08T13:39:40.569142Z 0 [Note] Shutting down plugin 'sha256_password'
2020-10-08T13:39:40.569855Z 0 [Note] Shutting down plugin 'mysql_native_password'
2020-10-08T13:39:40.570556Z 0 [Note] Shutting down plugin 'binlog'
2020-10-08T13:39:40.574445Z 0 [Note] mysqld: Shutdown complete

2020-10-08T13:39:49.847956Z 0 [Warning] TIMESTAMP with implicit DEFAULT value is deprecated. Please use --explicit_defaults_for_timestamp server option (see documentation for more details).
2020-10-08T13:39:49.857418Z 0 [Note] mysqld (mysqld 5.7.30) starting as process 1 ...
2020-10-08T13:39:49.866012Z 0 [Warning] Setting lower_case_table_names=2 because file system for /var/lib/mysql/ is case insensitive
2020-10-08T13:39:49.873651Z 0 [Note] InnoDB: PUNCH HOLE support available
2020-10-08T13:39:49.875353Z 0 [Note] InnoDB: Mutexes and rw_locks use GCC atomic builtins
2020-10-08T13:39:49.876352Z 0 [Note] InnoDB: Uses event mutexes
2020-10-08T13:39:49.877293Z 0 [Note] InnoDB: GCC builtin __atomic_thread_fence() is used for memory barrier
2020-10-08T13:39:49.878490Z 0 [Note] InnoDB: Compressed tables use zlib 1.2.11
2020-10-08T13:39:49.879881Z 0 [Note] InnoDB: Using Linux native AIO
2020-10-08T13:39:49.881241Z 0 [Note] InnoDB: Number of pools: 1
2020-10-08T13:39:49.882609Z 0 [Note] InnoDB: Using CPU crc32 instructions
2020-10-08T13:39:49.885673Z 0 [Note] InnoDB: Initializing buffer pool, total size = 128M, instances = 1, chunk size = 128M
2020-10-08T13:39:49.898766Z 0 [Note] InnoDB: Completed initialization of buffer pool
2020-10-08T13:39:49.904518Z 0 [Note] InnoDB: If the mysqld execution user is authorized, page cleaner thread priority can be changed. See the man page of setpriority().
2020-10-08T13:39:49.956483Z 0 [Note] InnoDB: Highest supported file format is Barracuda.
2020-10-08T13:39:50.066165Z 0 [Note] InnoDB: Creating shared tablespace for temporary tables
2020-10-08T13:39:50.070632Z 0 [Note] InnoDB: Setting file './ibtmp1' size to 12 MB. Physically writing the file full; Please wait ...
2020-10-08T13:39:50.186054Z 0 [Note] InnoDB: File './ibtmp1' size is now 12 MB.
2020-10-08T13:39:50.193889Z 0 [Note] InnoDB: 96 redo rollback segment(s) found. 96 redo rollback segment(s) are active.
2020-10-08T13:39:50.194990Z 0 [Note] InnoDB: 32 non-redo rollback segment(s) are active.
2020-10-08T13:39:50.198529Z 0 [Note] InnoDB: Waiting for purge to start
2020-10-08T13:39:50.249853Z 0 [Note] InnoDB: 5.7.30 started; log sequence number 12488785
2020-10-08T13:39:50.251502Z 0 [Note] InnoDB: Loading buffer pool(s) from /var/lib/mysql/ib_buffer_pool
2020-10-08T13:39:50.251881Z 0 [Note] Plugin 'FEDERATED' is disabled.
2020-10-08T13:39:50.312906Z 0 [Note] Found ca.pem, server-cert.pem and server-key.pem in data directory. Trying to enable SSL support using them.
2020-10-08T13:39:50.313693Z 0 [Note] Skipping generation of SSL certificates as certificate files are present in data directory.
2020-10-08T13:39:50.335990Z 0 [Warning] CA certificate ca.pem is self signed.
2020-10-08T13:39:50.340259Z 0 [Note] Skipping generation of RSA key pair as key files are present in data directory.
2020-10-08T13:39:50.354898Z 0 [Note] Server hostname (bind-address): '0.0.0.0'; port: 3306
2020-10-08T13:39:50.356450Z 0 [Note]   - '0.0.0.0' resolves to '0.0.0.0';
2020-10-08T13:39:50.357677Z 0 [Note] Server socket created on IP: '0.0.0.0'.
2020-10-08T13:39:50.361277Z 0 [Warning] Insecure configuration for --pid-file: Location '/var/run/mysqld' in the path is accessible to all OS users. Consider choosing a different directory.
2020-10-08T13:39:50.365175Z 0 [Note] InnoDB: Buffer pool(s) load completed at 201008 22:39:50
2020-10-08T13:39:50.845365Z 0 [Note] Event Scheduler: Loaded 0 events
2020-10-08T13:39:50.847492Z 0 [Note] mysqld: ready for connections.
Version: '5.7.30'  socket: '/var/run/mysqld/mysqld.sock'  port: 3306  MySQL Community Server (GPL)
2020-10-08T13:55:31.205137Z 2 [Note] Access denied for user 'root'@'172.21.0.3' (using password: NO)
2020-10-08T13:57:48.578721Z 0 [Note] Giving 0 client threads a chance to die gracefully
2020-10-08T13:57:48.581340Z 0 [Note] Shutting down slave threads
2020-10-08T13:57:48.583242Z 0 [Note] Forcefully disconnecting 0 remaining clients
2020-10-08T13:57:48.584690Z 0 [Note] Event Scheduler: Purging the queue. 0 events
2020-10-08T13:57:48.586325Z 0 [Note] Binlog end
2020-10-08T13:57:48.588099Z 0 [Note] Shutting down plugin 'ngram'
2020-10-08T13:57:48.590712Z 0 [Note] Shutting down plugin 'partition'
2020-10-08T13:57:48.596815Z 0 [Note] Shutting down plugin 'BLACKHOLE'
2020-10-08T13:57:48.598113Z 0 [Note] Shutting down plugin 'ARCHIVE'
2020-10-08T13:57:48.601615Z 0 [Note] Shutting down plugin 'PERFORMANCE_SCHEMA'
2020-10-08T13:57:48.602841Z 0 [Note] Shutting down plugin 'MRG_MYISAM'
2020-10-08T13:57:48.604096Z 0 [Note] Shutting down plugin 'MyISAM'
2020-10-08T13:57:48.605141Z 0 [Note] Shutting down plugin 'INNODB_SYS_VIRTUAL'
2020-10-08T13:57:48.606240Z 0 [Note] Shutting down plugin 'INNODB_SYS_DATAFILES'
2020-10-08T13:57:48.606817Z 0 [Note] Shutting down plugin 'INNODB_SYS_TABLESPACES'
2020-10-08T13:57:48.607485Z 0 [Note] Shutting down plugin 'INNODB_SYS_FOREIGN_COLS'
2020-10-08T13:57:48.608122Z 0 [Note] Shutting down plugin 'INNODB_SYS_FOREIGN'
2020-10-08T13:57:48.608959Z 0 [Note] Shutting down plugin 'INNODB_SYS_FIELDS'
2020-10-08T13:57:48.610068Z 0 [Note] Shutting down plugin 'INNODB_SYS_COLUMNS'
2020-10-08T13:57:48.610793Z 0 [Note] Shutting down plugin 'INNODB_SYS_INDEXES'
2020-10-08T13:57:48.611739Z 0 [Note] Shutting down plugin 'INNODB_SYS_TABLESTATS'
2020-10-08T13:57:48.612549Z 0 [Note] Shutting down plugin 'INNODB_SYS_TABLES'
2020-10-08T13:57:48.613256Z 0 [Note] Shutting down plugin 'INNODB_FT_INDEX_TABLE'
2020-10-08T13:57:48.613797Z 0 [Note] Shutting down plugin 'INNODB_FT_INDEX_CACHE'
2020-10-08T13:57:48.615172Z 0 [Note] Shutting down plugin 'INNODB_FT_CONFIG'
2020-10-08T13:57:48.616093Z 0 [Note] Shutting down plugin 'INNODB_FT_BEING_DELETED'
2020-10-08T13:57:48.617743Z 0 [Note] Shutting down plugin 'INNODB_FT_DELETED'
2020-10-08T13:57:48.619414Z 0 [Note] Shutting down plugin 'INNODB_FT_DEFAULT_STOPWORD'
2020-10-08T13:57:48.620296Z 0 [Note] Shutting down plugin 'INNODB_METRICS'
2020-10-08T13:57:48.621188Z 0 [Note] Shutting down plugin 'INNODB_TEMP_TABLE_INFO'
2020-10-08T13:57:48.622030Z 0 [Note] Shutting down plugin 'INNODB_BUFFER_POOL_STATS'
2020-10-08T13:57:48.622837Z 0 [Note] Shutting down plugin 'INNODB_BUFFER_PAGE_LRU'
2020-10-08T13:57:48.623700Z 0 [Note] Shutting down plugin 'INNODB_BUFFER_PAGE'
2020-10-08T13:57:48.624664Z 0 [Note] Shutting down plugin 'INNODB_CMP_PER_INDEX_RESET'
2020-10-08T13:57:48.625607Z 0 [Note] Shutting down plugin 'INNODB_CMP_PER_INDEX'
2020-10-08T13:57:48.626443Z 0 [Note] Shutting down plugin 'INNODB_CMPMEM_RESET'
2020-10-08T13:57:48.627072Z 0 [Note] Shutting down plugin 'INNODB_CMPMEM'
2020-10-08T13:57:48.627733Z 0 [Note] Shutting down plugin 'INNODB_CMP_RESET'
2020-10-08T13:57:48.628379Z 0 [Note] Shutting down plugin 'INNODB_CMP'
2020-10-08T13:57:48.629001Z 0 [Note] Shutting down plugin 'INNODB_LOCK_WAITS'
2020-10-08T13:57:48.629665Z 0 [Note] Shutting down plugin 'INNODB_LOCKS'
2020-10-08T13:57:48.630783Z 0 [Note] Shutting down plugin 'INNODB_TRX'
2020-10-08T13:57:48.631992Z 0 [Note] Shutting down plugin 'InnoDB'
2020-10-08T13:57:48.633188Z 0 [Note] InnoDB: FTS optimize thread exiting.
2020-10-08T13:57:48.635062Z 0 [Note] InnoDB: Starting shutdown...
2020-10-08T13:57:48.739549Z 0 [Note] InnoDB: Dumping buffer pool(s) to /var/lib/mysql/ib_buffer_pool
2020-10-08T13:57:48.748035Z 0 [Note] InnoDB: Buffer pool(s) dump completed at 201008 22:57:48
2020-10-08T13:57:50.163339Z 0 [Note] InnoDB: Shutdown completed; log sequence number 12488813
2020-10-08T13:57:50.167039Z 0 [Note] InnoDB: Removed temporary tablespace data file: "ibtmp1"
2020-10-08T13:57:50.167993Z 0 [Note] Shutting down plugin 'MEMORY'
2020-10-08T13:57:50.168804Z 0 [Note] Shutting down plugin 'CSV'
2020-10-08T13:57:50.169619Z 0 [Note] Shutting down plugin 'sha256_password'
2020-10-08T13:57:50.170252Z 0 [Note] Shutting down plugin 'mysql_native_password'
2020-10-08T13:57:50.171582Z 0 [Note] Shutting down plugin 'binlog'
2020-10-08T13:57:50.176629Z 0 [Note] mysqld: Shutdown complete

2020-10-08T14:00:18.814053Z 0 [Warning] TIMESTAMP with implicit DEFAULT value is deprecated. Please use --explicit_defaults_for_timestamp server option (see documentation for more details).
2020-10-08T14:00:18.820921Z 0 [Note] mysqld (mysqld 5.7.30) starting as process 1 ...
2020-10-08T14:00:18.830751Z 0 [Warning] Setting lower_case_table_names=2 because file system for /var/lib/mysql/ is case insensitive
2020-10-08T14:00:18.836611Z 0 [Note] InnoDB: PUNCH HOLE support available
2020-10-08T14:00:18.837573Z 0 [Note] InnoDB: Mutexes and rw_locks use GCC atomic builtins
2020-10-08T14:00:18.838319Z 0 [Note] InnoDB: Uses event mutexes
2020-10-08T14:00:18.839217Z 0 [Note] InnoDB: GCC builtin __atomic_thread_fence() is used for memory barrier
2020-10-08T14:00:18.840102Z 0 [Note] InnoDB: Compressed tables use zlib 1.2.11
2020-10-08T14:00:18.841169Z 0 [Note] InnoDB: Using Linux native AIO
2020-10-08T14:00:18.842666Z 0 [Note] InnoDB: Number of pools: 1
2020-10-08T14:00:18.843655Z 0 [Note] InnoDB: Using CPU crc32 instructions
2020-10-08T14:00:18.848418Z 0 [Note] InnoDB: Initializing buffer pool, total size = 128M, instances = 1, chunk size = 128M
2020-10-08T14:00:18.856025Z 0 [Note] InnoDB: Completed initialization of buffer pool
2020-10-08T14:00:18.859731Z 0 [Note] InnoDB: If the mysqld execution user is authorized, page cleaner thread priority can be changed. See the man page of setpriority().
2020-10-08T14:00:18.913790Z 0 [Note] InnoDB: Highest supported file format is Barracuda.
2020-10-08T14:00:19.024464Z 0 [Note] InnoDB: Creating shared tablespace for temporary tables
2020-10-08T14:00:19.027943Z 0 [Note] InnoDB: Setting file './ibtmp1' size to 12 MB. Physically writing the file full; Please wait ...
2020-10-08T14:00:19.177764Z 0 [Note] InnoDB: File './ibtmp1' size is now 12 MB.
2020-10-08T14:00:19.185057Z 0 [Note] InnoDB: 96 redo rollback segment(s) found. 96 redo rollback segment(s) are active.
2020-10-08T14:00:19.186078Z 0 [Note] InnoDB: 32 non-redo rollback segment(s) are active.
2020-10-08T14:00:19.187514Z 0 [Note] InnoDB: Waiting for purge to start
2020-10-08T14:00:19.238667Z 0 [Note] InnoDB: 5.7.30 started; log sequence number 12488813
2020-10-08T14:00:19.239711Z 0 [Note] InnoDB: Loading buffer pool(s) from /var/lib/mysql/ib_buffer_pool
2020-10-08T14:00:19.239957Z 0 [Note] Plugin 'FEDERATED' is disabled.
2020-10-08T14:00:19.311720Z 0 [Note] Found ca.pem, server-cert.pem and server-key.pem in data directory. Trying to enable SSL support using them.
2020-10-08T14:00:19.313595Z 0 [Note] Skipping generation of SSL certificates as certificate files are present in data directory.
2020-10-08T14:00:19.334473Z 0 [Warning] CA certificate ca.pem is self signed.
2020-10-08T14:00:19.335411Z 0 [Note] Skipping generation of RSA key pair as key files are present in data directory.
2020-10-08T14:00:19.346758Z 0 [Note] Server hostname (bind-address): '0.0.0.0'; port: 3306
2020-10-08T14:00:19.348465Z 0 [Note]   - '0.0.0.0' resolves to '0.0.0.0';
2020-10-08T14:00:19.349477Z 0 [Note] Server socket created on IP: '0.0.0.0'.
2020-10-08T14:00:19.353283Z 0 [Warning] Insecure configuration for --pid-file: Location '/var/run/mysqld' in the path is accessible to all OS users. Consider choosing a different directory.
2020-10-08T14:00:19.356950Z 0 [Note] InnoDB: Buffer pool(s) load completed at 201008 23:00:19
2020-10-08T14:00:19.825487Z 0 [Note] Event Scheduler: Loaded 0 events
2020-10-08T14:00:19.826868Z 0 [Note] mysqld: ready for connections.
Version: '5.7.30'  socket: '/var/run/mysqld/mysqld.sock'  port: 3306  MySQL Community Server (GPL)
2020-10-08T14:02:18.144921Z 0 [Note] Giving 0 client threads a chance to die gracefully
2020-10-08T14:02:18.147669Z 0 [Note] Shutting down slave threads
2020-10-08T14:02:18.148896Z 0 [Note] Forcefully disconnecting 0 remaining clients
2020-10-08T14:02:18.151849Z 0 [Note] Event Scheduler: Purging the queue. 0 events
2020-10-08T14:02:18.154231Z 0 [Note] Binlog end
2020-10-08T14:02:18.157655Z 0 [Note] Shutting down plugin 'ngram'
2020-10-08T14:02:18.169363Z 0 [Note] Shutting down plugin 'partition'
2020-10-08T14:02:18.170661Z 0 [Note] Shutting down plugin 'BLACKHOLE'
2020-10-08T14:02:18.171433Z 0 [Note] Shutting down plugin 'ARCHIVE'
2020-10-08T14:02:18.173319Z 0 [Note] Shutting down plugin 'PERFORMANCE_SCHEMA'
2020-10-08T14:02:18.175022Z 0 [Note] Shutting down plugin 'MRG_MYISAM'
2020-10-08T14:02:18.176218Z 0 [Note] Shutting down plugin 'MyISAM'
2020-10-08T14:02:18.177139Z 0 [Note] Shutting down plugin 'INNODB_SYS_VIRTUAL'
2020-10-08T14:02:18.177998Z 0 [Note] Shutting down plugin 'INNODB_SYS_DATAFILES'
2020-10-08T14:02:18.178777Z 0 [Note] Shutting down plugin 'INNODB_SYS_TABLESPACES'
2020-10-08T14:02:18.179477Z 0 [Note] Shutting down plugin 'INNODB_SYS_FOREIGN_COLS'
2020-10-08T14:02:18.180377Z 0 [Note] Shutting down plugin 'INNODB_SYS_FOREIGN'
2020-10-08T14:02:18.181839Z 0 [Note] Shutting down plugin 'INNODB_SYS_FIELDS'
2020-10-08T14:02:18.182882Z 0 [Note] Shutting down plugin 'INNODB_SYS_COLUMNS'
2020-10-08T14:02:18.184031Z 0 [Note] Shutting down plugin 'INNODB_SYS_INDEXES'
2020-10-08T14:02:18.184896Z 0 [Note] Shutting down plugin 'INNODB_SYS_TABLESTATS'
2020-10-08T14:02:18.185770Z 0 [Note] Shutting down plugin 'INNODB_SYS_TABLES'
2020-10-08T14:02:18.186892Z 0 [Note] Shutting down plugin 'INNODB_FT_INDEX_TABLE'
2020-10-08T14:02:18.187878Z 0 [Note] Shutting down plugin 'INNODB_FT_INDEX_CACHE'
2020-10-08T14:02:18.188682Z 0 [Note] Shutting down plugin 'INNODB_FT_CONFIG'
2020-10-08T14:02:18.189134Z 0 [Note] Shutting down plugin 'INNODB_FT_BEING_DELETED'
2020-10-08T14:02:18.189907Z 0 [Note] Shutting down plugin 'INNODB_FT_DELETED'
2020-10-08T14:02:18.190833Z 0 [Note] Shutting down plugin 'INNODB_FT_DEFAULT_STOPWORD'
2020-10-08T14:02:18.192041Z 0 [Note] Shutting down plugin 'INNODB_METRICS'
2020-10-08T14:02:18.192936Z 0 [Note] Shutting down plugin 'INNODB_TEMP_TABLE_INFO'
2020-10-08T14:02:18.193753Z 0 [Note] Shutting down plugin 'INNODB_BUFFER_POOL_STATS'
2020-10-08T14:02:18.194461Z 0 [Note] Shutting down plugin 'INNODB_BUFFER_PAGE_LRU'
2020-10-08T14:02:18.195259Z 0 [Note] Shutting down plugin 'INNODB_BUFFER_PAGE'
2020-10-08T14:02:18.196106Z 0 [Note] Shutting down plugin 'INNODB_CMP_PER_INDEX_RESET'
2020-10-08T14:02:18.196744Z 0 [Note] Shutting down plugin 'INNODB_CMP_PER_INDEX'
2020-10-08T14:02:18.197406Z 0 [Note] Shutting down plugin 'INNODB_CMPMEM_RESET'
2020-10-08T14:02:18.198308Z 0 [Note] Shutting down plugin 'INNODB_CMPMEM'
2020-10-08T14:02:18.199053Z 0 [Note] Shutting down plugin 'INNODB_CMP_RESET'
2020-10-08T14:02:18.199656Z 0 [Note] Shutting down plugin 'INNODB_CMP'
2020-10-08T14:02:18.200352Z 0 [Note] Shutting down plugin 'INNODB_LOCK_WAITS'
2020-10-08T14:02:18.202036Z 0 [Note] Shutting down plugin 'INNODB_LOCKS'
2020-10-08T14:02:18.202908Z 0 [Note] Shutting down plugin 'INNODB_TRX'
2020-10-08T14:02:18.207669Z 0 [Note] Shutting down plugin 'InnoDB'
2020-10-08T14:02:18.211097Z 0 [Note] InnoDB: FTS optimize thread exiting.
2020-10-08T14:02:18.214096Z 0 [Note] InnoDB: Starting shutdown...
2020-10-08T14:02:18.317652Z 0 [Note] InnoDB: Dumping buffer pool(s) to /var/lib/mysql/ib_buffer_pool
2020-10-08T14:02:18.325778Z 0 [Note] InnoDB: Buffer pool(s) dump completed at 201008 23:02:18
2020-10-08T14:03:15.231082Z 0 [Warning] TIMESTAMP with implicit DEFAULT value is deprecated. Please use --explicit_defaults_for_timestamp server option (see documentation for more details).
2020-10-08T14:03:15.238942Z 0 [Note] mysqld (mysqld 5.7.30) starting as process 1 ...
2020-10-08T14:03:15.251116Z 0 [Warning] Setting lower_case_table_names=2 because file system for /var/lib/mysql/ is case insensitive
2020-10-08T14:03:15.259745Z 0 [Note] InnoDB: PUNCH HOLE support available
2020-10-08T14:03:15.262016Z 0 [Note] InnoDB: Mutexes and rw_locks use GCC atomic builtins
2020-10-08T14:03:15.265010Z 0 [Note] InnoDB: Uses event mutexes
2020-10-08T14:03:15.266177Z 0 [Note] InnoDB: GCC builtin __atomic_thread_fence() is used for memory barrier
2020-10-08T14:03:15.267037Z 0 [Note] InnoDB: Compressed tables use zlib 1.2.11
2020-10-08T14:03:15.267811Z 0 [Note] InnoDB: Using Linux native AIO
2020-10-08T14:03:15.269075Z 0 [Note] InnoDB: Number of pools: 1
2020-10-08T14:03:15.271247Z 0 [Note] InnoDB: Using CPU crc32 instructions
2020-10-08T14:03:15.275046Z 0 [Note] InnoDB: Initializing buffer pool, total size = 128M, instances = 1, chunk size = 128M
2020-10-08T14:03:15.284209Z 0 [Note] InnoDB: Completed initialization of buffer pool
2020-10-08T14:03:15.290401Z 0 [Note] InnoDB: If the mysqld execution user is authorized, page cleaner thread priority can be changed. See the man page of setpriority().
2020-10-08T14:03:15.351363Z 0 [Note] InnoDB: Highest supported file format is Barracuda.
2020-10-08T14:03:15.475559Z 0 [Note] InnoDB: Removed temporary tablespace data file: "ibtmp1"
2020-10-08T14:03:15.476270Z 0 [Note] InnoDB: Creating shared tablespace for temporary tables
2020-10-08T14:03:15.480769Z 0 [Note] InnoDB: Setting file './ibtmp1' size to 12 MB. Physically writing the file full; Please wait ...
2020-10-08T14:03:15.646768Z 0 [Note] InnoDB: File './ibtmp1' size is now 12 MB.
2020-10-08T14:03:15.652425Z 0 [Note] InnoDB: 96 redo rollback segment(s) found. 96 redo rollback segment(s) are active.
2020-10-08T14:03:15.653799Z 0 [Note] InnoDB: 32 non-redo rollback segment(s) are active.
2020-10-08T14:03:15.655538Z 0 [Note] InnoDB: Waiting for purge to start
2020-10-08T14:03:15.707311Z 0 [Note] InnoDB: 5.7.30 started; log sequence number 12488841
2020-10-08T14:03:15.709265Z 0 [Note] Plugin 'FEDERATED' is disabled.
2020-10-08T14:03:15.709294Z 0 [Note] InnoDB: Loading buffer pool(s) from /var/lib/mysql/ib_buffer_pool
2020-10-08T14:03:15.775574Z 0 [Note] Found ca.pem, server-cert.pem and server-key.pem in data directory. Trying to enable SSL support using them.
2020-10-08T14:03:15.776461Z 0 [Note] Skipping generation of SSL certificates as certificate files are present in data directory.
2020-10-08T14:03:15.791081Z 0 [Warning] CA certificate ca.pem is self signed.
2020-10-08T14:03:15.792329Z 0 [Note] Skipping generation of RSA key pair as key files are present in data directory.
2020-10-08T14:03:15.807241Z 0 [Note] Server hostname (bind-address): '0.0.0.0'; port: 3306
2020-10-08T14:03:15.808214Z 0 [Note]   - '0.0.0.0' resolves to '0.0.0.0';
2020-10-08T14:03:15.808949Z 0 [Note] Server socket created on IP: '0.0.0.0'.
2020-10-08T14:03:15.812159Z 0 [Warning] Insecure configuration for --pid-file: Location '/var/run/mysqld' in the path is accessible to all OS users. Consider choosing a different directory.
2020-10-08T14:03:15.820038Z 0 [Note] InnoDB: Buffer pool(s) load completed at 201008 23:03:15
2020-10-08T14:03:16.280692Z 0 [Note] Event Scheduler: Loaded 0 events
2020-10-08T14:03:16.282099Z 0 [Note] mysqld: ready for connections.
Version: '5.7.30'  socket: '/var/run/mysqld/mysqld.sock'  port: 3306  MySQL Community Server (GPL)
